
 [22:56:17.642] Execution of the command sfdmu:run has been started.

 LOADING AND VALIDATING THE EXPORT.JSON SCRIPT ...

 OBJECT SET #1 STARTED

 {
   "Running Plugin version": "4.32.2"
}
 {
   "Running Add-On API version": "1.5.0"
}

 [22:56:17.681] Loading Core Add-On Module declarations ...
 [22:56:17.721] Connecting to the devops_poc_dev using SFDX force:org:display ...
 [22:56:29.424] Successfully connected to the devops_poc_dev.
 {
   "Source": "devops_poc_dev.",
   "Target": "csvfile.",
   "Package script": "/Users/kiranmoy/Desktop/CK/EngineeringExcellence/DevOps/SalesforceDevOpsBoilerplate/POC/GitHub/kp-salesforce-devops-poc/cicd-utils/sfdmu/firstrun/export.json."
}

 GETTING AND ANALYSING OBJECT METADATA ...
 [22:56:31.645] Processing the object Account ...
 [22:56:31.646] Fetching metadata of the Account (Source) ...
 [22:56:33.948] Fetching metadata of the Group (Source) ...
 [22:56:35.340] Processing the object Account ...

 PREPARING DATA MIGRATION JOB ...
 [22:56:35.344] Building the migration strategy ...
 {
   "Order of objects to query": "Account"
}
 {
   "Order of objects to delete": "Account"
}
 {
   "Order of objects to update": "Account"
}
 [22:56:35.347] Preparing of the data migration job has been completed.

 ANALYSING DATA...
 [22:56:36.442] {Account} The original query string of this object is returning 3 records from the Source org.

 TRIGGERING ADD-ON EVENTS ...
 [22:56:36.443] No Add-On modules found to run.

 [22:56:36.443] Ready to process the data.

 DELETING OLD DATA FROM THE TARGET ...
 [22:56:36.444] {Account} No records to delete.
 [22:56:36.444] Deleting data was skipped.

 SOURCE:
 =============

 FETCHING THE DATA (STAGE 1) ...
 [22:56:36.446] {Account} Fetching the Source data from Org (STAGE 1: all records) ...
 [22:56:36.446] {Account} Query string: SELECT Id, Name  FROM  Account.
 [22:56:36.447] {Account} Using REST API to retrieve the data ...
 [22:56:37.561] {Account} Data retrieval (Source) has been completed. Got 3 new records.
 [22:56:37.562] Data retrieval (STAGE 1) has been completed.

 FETCHING THE DATA (STAGE 2) ...
 [22:56:37.563] PASS 1
 =============
 [22:56:37.563] No records

 [22:56:37.564] PASS 2
 =============
 [22:56:37.564] No records

 [22:56:37.564] PASS 3
 =============
 [22:56:37.565] No records

 [22:56:37.565] PASS 4
 =============
 [22:56:37.566] No records

 TARGET:
 =============
 [22:56:37.567] No records
 [22:56:37.567] Data retrieval (STAGE 2) has been completed.

 TRIGGERING ADD-ON EVENTS ...
 [22:56:37.567] No Add-On modules found to run.


 DATA RETRIEVAL SUMMARY.
 [22:56:37.568] {Account} The total amount of the retrieved records: 3/0.

 UPDATING THE TARGET (STAGE 1) ...
 [22:56:37.570] {Account} Creating the file /Users/kiranmoy/Desktop/CK/EngineeringExcellence/DevOps/SalesforceDevOpsBoilerplate/POC/GitHub/kp-salesforce-devops-poc/cicd-utils/sfdmu/firstrun/Account.csv ...
 [22:56:37.577] {Account} The Target has been updated. Totally processed 3 records.


 [22:56:37.577] The Target (STAGE 1) has been updated. Totally processed 3 records.

 UPDATING THE TARGET (STAGE 2) ...

 [22:56:37.578] Nothing was updated.

 TRIGGERING ADD-ON EVENTS ...
 [22:56:37.578] No Add-On modules found to run.


 DATA PROCESSING SUMMARY.
 [22:56:37.579] {Account} Totally processed 3 records.

 [22:56:37.579] Writing to /Users/kiranmoy/Desktop/CK/EngineeringExcellence/DevOps/SalesforceDevOpsBoilerplate/POC/GitHub/kp-salesforce-devops-poc/cicd-utils/sfdmu/firstrun/MissingParentRecordsReport.csv ...


 TRIGGERING ADD-ON EVENTS ...
 [22:56:37.580] No Add-On modules found to run.


 [22:56:37.581] Command succeeded.
 [22:56:37.581] Execution of the command sfdmu:run has been completed. Exit code 0 (SUCCESS).
 [22:56:37.581] Total time elapsed: 00h 00m 19s 939ms .